<?xml version="1.0" encoding="UTF-8"?>
<!-- Generated by org.testng.reporters.JUnitXMLReporter -->
<testsuite ignored="0" hostname="LAPTOP-8LJ1OQ8E" failures="0" tests="4" name="Test-AlertFrameWindows" time="44.13" errors="0" timestamp="2025-03-01T16:01:20 IST">
  <testcase classname="stepdefinitions.AlertFrameWindowws" name="browserWindow" time="10.549"/>
  <testcase classname="stepdefinitions.AlertFrameWindowws" name="alertBar" time="14.965"/>
  <testcase classname="stepdefinitions.AlertFrameWindowws" name="frames" time="8.287"/>
  <testcase classname="stepdefinitions.AlertFrameWindowws" name="nestedFrame" time="10.318"/>
</testsuite> <!-- Test-AlertFrameWindows -->
