<?xml version="1.0" encoding="UTF-8"?>
<!-- Generated by org.testng.reporters.JUnitXMLReporter -->
<testsuite ignored="0" hostname="LAPTOP-8LJ1OQ8E" failures="0" tests="1" name="Test-Calendar" time="11.109" errors="0" timestamp="2025-03-01T16:00:36 IST">
  <testcase classname="stepdefinitions.Calendar" name="getFormsGiantBar" time="11.107"/>
</testsuite> <!-- Test-Calendar -->
