<?xml version="1.0" encoding="UTF-8"?>
<!-- Generated by org.testng.reporters.JUnitXMLReporter -->
<testsuite ignored="0" hostname="LAPTOP-8LJ1OQ8E" failures="0" tests="7" name="Test-ElementBar" time="22.254" errors="0" timestamp="2025-03-01T16:00:25 IST">
  <testcase classname="stepdefinitions.ElementBar" name="RadioButton" time="0.678"/>
  <testcase classname="stepdefinitions.ElementBar" name="WebTables" time="6.688"/>
  <testcase classname="stepdefinitions.ElementBar" name="ButtonsBar" time="0.242"/>
  <testcase classname="stepdefinitions.ElementBar" name="linksBar" time="4.263"/>
  <testcase classname="stepdefinitions.ElementBar" name="brokenImage" time="2.114"/>
  <testcase classname="stepdefinitions.ElementBar" name="UploadDownload" time="0.094"/>
  <testcase classname="stepdefinitions.ElementBar" name="dynamicProperty" time="8.158"/>
</testsuite> <!-- Test-ElementBar -->
