<?xml version="1.0" encoding="UTF-8"?>
<!-- Generated by org.testng.reporters.JUnitReportReporter -->
<testsuite hostname="LAPTOP-8LJ1OQ8E" failures="0" tests="4" name="stepdefinitions.AlertFrameWindowws" time="44.123" errors="0" timestamp="2025-03-01T16:01:41 IST" skipped="0">
  <testcase classname="stepdefinitions.AlertFrameWindowws" name="browserWindow" time="10.550"/>
  <testcase classname="stepdefinitions.AlertFrameWindowws" name="alertBar" time="14.966"/>
  <testcase classname="stepdefinitions.AlertFrameWindowws" name="frames" time="8.288"/>
  <testcase classname="stepdefinitions.AlertFrameWindowws" name="nestedFrame" time="10.319"/>
</testsuite> <!-- stepdefinitions.AlertFrameWindowws -->
