<?xml version="1.0" encoding="UTF-8"?>
<!-- Generated by org.testng.reporters.JUnitReportReporter -->
<testsuite hostname="LAPTOP-8LJ1OQ8E" failures="0" tests="1" name="stepdefinitions.Calendar" time="11.107" errors="0" timestamp="2025-03-01T16:01:41 IST" skipped="0">
  <testcase classname="stepdefinitions.Calendar" name="getFormsGiantBar" time="11.107"/>
</testsuite> <!-- stepdefinitions.Calendar -->
