<?xml version="1.0" encoding="UTF-8"?>
<!-- Generated by org.testng.reporters.JUnitReportReporter -->
<testsuite hostname="LAPTOP-8LJ1OQ8E" failures="0" tests="7" name="stepdefinitions.ElementBar" time="22.239" errors="0" timestamp="2025-03-01T16:01:41 IST" skipped="0">
  <testcase classname="stepdefinitions.ElementBar" name="RadioButton" time="0.678"/>
  <testcase classname="stepdefinitions.ElementBar" name="WebTables" time="6.689"/>
  <testcase classname="stepdefinitions.ElementBar" name="ButtonsBar" time="0.242"/>
  <testcase classname="stepdefinitions.ElementBar" name="linksBar" time="4.264"/>
  <testcase classname="stepdefinitions.ElementBar" name="brokenImage" time="2.114"/>
  <testcase classname="stepdefinitions.ElementBar" name="UploadDownload" time="0.094"/>
  <testcase classname="stepdefinitions.ElementBar" name="dynamicProperty" time="8.158"/>
</testsuite> <!-- stepdefinitions.ElementBar -->
