<?xml version="1.0" encoding="UTF-8"?>
<!-- Generated by org.testng.reporters.JUnitReportReporter -->
<testsuite hostname="LAPTOP-8LJ1OQ8E" failures="0" tests="1" name="base.Base" time="7.375" errors="0" timestamp="2025-02-05T09:42:39 IST" skipped="0">
  <testcase classname="base.Base" name="setUp" time="7.375"/>
</testsuite> <!-- base.Base -->
