<?xml version="1.0" encoding="UTF-8"?>
<!-- Generated by org.testng.reporters.JUnitReportReporter -->
<testsuite hostname="LAPTOP-8LJ1OQ8E" failures="0" tests="2" name="runner.Runner" time="14.720" errors="0" timestamp="2025-03-01T16:01:41 IST" skipped="0">
  <testcase classname="runner.Runner" name="runScenario" time="14.297"/>
  <testcase classname="runner.Runner" name="runScenario" time="0.423"/>
</testsuite> <!-- runner.Runner -->
